c:\users\13418\desktop\practice\practice31\practice31\debug\vc141.pdb
c:\users\13418\desktop\practice\practice31\practice31\debug\vc141.idb
c:\users\13418\desktop\practice\practice31\practice31\debug\world.obj
c:\users\13418\desktop\practice\practice31\practice31\debug\triangle.obj
c:\users\13418\desktop\practice\practice31\practice31\debug\scene.obj
c:\users\13418\desktop\practice\practice31\practice31\debug\raysphere.obj
c:\users\13418\desktop\practice\practice31\practice31\debug\rayplane.obj
c:\users\13418\desktop\practice\practice31\practice31\debug\object.obj
c:\users\13418\desktop\practice\practice31\practice31\debug\material.obj
c:\users\13418\desktop\practice\practice31\practice31\debug\main.obj
c:\users\13418\desktop\practice\practice31\practice31\debug\letter.obj
c:\users\13418\desktop\practice\practice31\debug\practice31.exe
c:\users\13418\desktop\practice\practice31\debug\practice31.ilk
c:\users\13418\desktop\practice\practice31\debug\practice31.pdb
c:\users\13418\desktop\practice\practice31\practice31\debug\practice31.tlog\cl.command.1.tlog
c:\users\13418\desktop\practice\practice31\practice31\debug\practice31.tlog\cl.read.1.tlog
c:\users\13418\desktop\practice\practice31\practice31\debug\practice31.tlog\cl.write.1.tlog
c:\users\13418\desktop\practice\practice31\practice31\debug\practice31.tlog\link.command.1.tlog
c:\users\13418\desktop\practice\practice31\practice31\debug\practice31.tlog\link.read.1.tlog
c:\users\13418\desktop\practice\practice31\practice31\debug\practice31.tlog\link.write.1.tlog
